<?xml version="1.0" encoding="UTF-8"?>
<!-- Generated by org.testng.reporters.JUnitXMLReporter -->
<testsuite hostname="Lenovo" ignored="2" name="Test(failed)" tests="1" failures="1" timestamp="03 May 2021 05:53:59 GMT" time="0.229" errors="0">
  <testcase name="tc2" time="0.0" classname="org.blaze.AirTicketwithParameter">
    <failure type="org.testng.TestNGException" message="
Parameter &amp;apos;address&amp;apos; is required by @Test on method tc2 but has not been marked @Optional or defined
in C:\Users\ELCOT\eclipse-workspace\NestGentest\test-output\testng-failed.xml">
      <![CDATA[org.testng.TestNGException: 
Parameter 'address' is required by @Test on method tc2 but has not been marked @Optional or defined
in C:\Users\ELCOT\eclipse-workspace\NestGentest\test-output\testng-failed.xml
... Removed 24 stack frames]]>
    </failure>
  </testcase> <!-- tc2 -->
  <testcase name="tc0" time="0.0" classname="org.blaze.AirTicketwithParameter">
    <ignored/>
  </testcase> <!-- tc0 -->
  <testcase name="tc1" time="0.0" classname="org.blaze.AirTicketwithParameter">
    <ignored/>
  </testcase> <!-- tc1 -->
</testsuite> <!-- Test(failed) -->
